{
  "RSpec": {
    "coverage": {
      "/Users/colinshields/Dropbox/launchacademy/Projects/Music_Blog/spec/support/authentication_helper.rb": [
        1,
        1,
        2,
        2,
        2,
        2,
        null,
        null,
        1,
        0,
        0,
        null,
        null
      ],
      "/Users/colinshields/Dropbox/launchacademy/Projects/Music_Blog/app/models/blog.rb": [
        1,
        null,
        1,
        1,
        null,
        null,
        1,
        null,
        1,
        null,
        1,
        1,
        1,
        null,
        1,
        null,
        1,
        1,
        null,
        1,
        null,
        null,
        1,
        0,
        null,
        null,
        1,
        6,
        0,
        null,
        6,
        null,
        null,
        null
      ],
      "/Users/colinshields/Dropbox/launchacademy/Projects/Music_Blog/app/controllers/blogs_controller.rb": [
        1,
        1,
        1,
        null,
        1,
        6,
        null,
        null,
        1,
        null,
        null,
        1,
        2,
        null,
        null,
        1,
        null,
        null,
        1,
        2,
        2,
        2,
        1,
        null,
        1,
        null,
        null,
        null,
        1,
        0,
        0,
        0,
        null,
        null,
        1,
        0,
        0,
        0,
        null,
        null,
        1,
        0,
        0,
        0,
        0,
        null,
        null,
        null,
        0,
        null,
        0,
        null,
        null,
        1,
        0,
        0,
        0,
        0,
        null,
        null,
        null,
        0,
        null,
        0,
        null,
        null,
        1,
        null,
        1,
        0,
        null,
        null,
        1,
        2,
        null,
        null,
        1,
        6,
        null,
        null,
        1,
        6,
        null,
        null,
        null
      ],
      "/Users/colinshields/Dropbox/launchacademy/Projects/Music_Blog/app/controllers/application_controller.rb": [
        1,
        null,
        null,
        1,
        1,
        null,
        1,
        null,
        1,
        5,
        null,
        null,
        1,
        2,
        null,
        null
      ]
    },
    "timestamp": 1390160296
  }
}
